Using pre-set license
Built from '2020.3/staging' branch; Version is '2020.3.19f1 (68f137dc9bbe) revision 6877495'; Using compiler version '192528614'; Build Type 'Release'
OS: 'Windows 10 Home; OS build 19041.1288; Version 2004; 64bit' Language: 'fr' Physical Memory: 16259 MB
BatchMode: 1, IsHumanControllingUs: 0, StartBugReporterOnCrash: 0, Is64bit: 1, IsPro: 0

COMMAND LINE ARGUMENTS:
D:\Unity\2020.3.19f1\Editor\Unity.exe
-adb2
-batchMode
-noUpm
-name
AssetImportWorker0
-projectPath
C:/Users/jasmi/Documents/TSP/JIN/Projet/Rumble-in-Chains/Rumble In Chains
-logFile
Logs/AssetImportWorker0.log
-srvPort
52326
Successfully changed project path to: C:/Users/jasmi/Documents/TSP/JIN/Projet/Rumble-in-Chains/Rumble In Chains
C:/Users/jasmi/Documents/TSP/JIN/Projet/Rumble-in-Chains/Rumble In Chains
Using Asset Import Pipeline V2.
Refreshing native plugins compatible for Editor in 54.56 ms, found 3 plugins.
Preloading 0 native plugins for Editor in 0.00 ms.
Initialize engine version: 2020.3.19f1 (68f137dc9bbe)
[Subsystems] Discovering subsystems at path D:/Unity/2020.3.19f1/Editor/Data/Resources/UnitySubsystems
[Subsystems] Discovering subsystems at path C:/Users/jasmi/Documents/TSP/JIN/Projet/Rumble-in-Chains/Rumble In Chains/Assets
GfxDevice: creating device client; threaded=0
Direct3D:
    Version:  Direct3D 11.0 [level 11.0]
    Renderer: NVIDIA GeForce GTX 960M (ID=0x139b)
    Vendor:   
    VRAM:     2010 MB
    Driver:   27.21.14.6589
Initialize mono
Mono path[0] = 'D:/Unity/2020.3.19f1/Editor/Data/Managed'
Mono path[1] = 'D:/Unity/2020.3.19f1/Editor/Data/MonoBleedingEdge/lib/mono/unityjit'
Mono config path = 'D:/Unity/2020.3.19f1/Editor/Data/MonoBleedingEdge/etc'
Using monoOptions --debugger-agent=transport=dt_socket,embedding=1,server=y,suspend=n,address=127.0.0.1:56760
Begin MonoManager ReloadAssembly
Registering precompiled unity dll's ...
Register platform support module: D:/Unity/2020.3.19f1/Editor/Data/PlaybackEngines/WindowsStandaloneSupport/UnityEditor.WindowsStandalone.Extensions.dll
Registered in 0.001629 seconds.
Native extension for WindowsStandalone target not found
Refreshing native plugins compatible for Editor in 54.78 ms, found 3 plugins.
Preloading 0 native plugins for Editor in 0.00 ms.
Mono: successfully reloaded assembly
- Completed reload, in  8.048 seconds
Domain Reload Profiling:
	ReloadAssembly (8049ms)
		BeginReloadAssembly (75ms)
			ExecutionOrderSort (0ms)
			DisableScriptedObjects (0ms)
			BackupInstance (0ms)
			ReleaseScriptingObjects (0ms)
			CreateAndSetChildDomain (1ms)
		EndReloadAssembly (525ms)
			LoadAssemblies (75ms)
			RebuildTransferFunctionScriptingTraits (0ms)
			SetupTypeCache (194ms)
			ReleaseScriptCaches (0ms)
			RebuildScriptCaches (38ms)
			SetupLoadedEditorAssemblies (205ms)
				LogAssemblyErrors (0ms)
				InitializePlatformSupportModulesInManaged (4ms)
				SetLoadedEditorAssemblies (0ms)
				RefreshPlugins (55ms)
				BeforeProcessingInitializeOnLoad (20ms)
				ProcessInitializeOnLoadAttributes (93ms)
				ProcessInitializeOnLoadMethodAttributes (32ms)
				AfterProcessingInitializeOnLoad (0ms)
				EditorAssembliesLoaded (0ms)
			ExecutionOrderSort2 (0ms)
			AwakeInstancesAfterBackupRestoration (0ms)
Platform modules already initialized, skipping
Registering precompiled user dll's ...
Registered in 0.004394 seconds.
Begin MonoManager ReloadAssembly
Symbol file data-000001C377710850 doesn't match image C:\Users\jasmi\Documents\TSP\JIN\Projet\Rumble-in-Chains\Rumble In Chains\Library\ScriptAssemblies\Assembly-CSharp.dll
Symbol file LoadedFromMemory is not a mono symbol file
Symbol file data-000001C37D031020 doesn't match image C:\Users\jasmi\Documents\TSP\JIN\Projet\Rumble-in-Chains\Rumble In Chains\Library\ScriptAssemblies\Unity.2D.Animation.Editor.dll
Symbol file LoadedFromMemory is not a mono symbol file
Symbol file data-000001C376F4A820 doesn't match image C:\Users\jasmi\Documents\TSP\JIN\Projet\Rumble-in-Chains\Rumble In Chains\Library\ScriptAssemblies\Unity.InternalAPIEngineBridge.001.dll
Symbol file LoadedFromMemory is not a mono symbol file
Symbol file data-000001C377710850 doesn't match image C:\Users\jasmi\Documents\TSP\JIN\Projet\Rumble-in-Chains\Rumble In Chains\Library\ScriptAssemblies\Unity.VSCode.Editor.dll
Symbol file LoadedFromMemory is not a mono symbol file
Symbol file data-000001C37747B100 doesn't match image C:\Users\jasmi\Documents\TSP\JIN\Projet\Rumble-in-Chains\Rumble In Chains\Library\ScriptAssemblies\Unity.2D.PixelPerfect.dll
Symbol file LoadedFromMemory is not a mono symbol file
Symbol file data-000001C37B823080 doesn't match image C:\Users\jasmi\Documents\TSP\JIN\Projet\Rumble-in-Chains\Rumble In Chains\Library\ScriptAssemblies\Unity.2D.Tilemap.Editor.dll
Symbol file LoadedFromMemory is not a mono symbol file
Symbol file data-000001C37B836290 doesn't match image C:\Users\jasmi\Documents\TSP\JIN\Projet\Rumble-in-Chains\Rumble In Chains\Library\ScriptAssemblies\PsdPlugin.dll
Symbol file LoadedFromMemory is not a mono symbol file
Symbol file data-000001C3774D3FD0 doesn't match image C:\Users\jasmi\Documents\TSP\JIN\Projet\Rumble-in-Chains\Rumble In Chains\Library\ScriptAssemblies\Unity.TextMeshPro.Editor.dll
Symbol file LoadedFromMemory is not a mono symbol file
Symbol file data-000001C37C9DFA20 doesn't match image C:\Users\jasmi\Documents\TSP\JIN\Projet\Rumble-in-Chains\Rumble In Chains\Library\ScriptAssemblies\Unity.VisualStudio.Editor.dll
Symbol file LoadedFromMemory is not a mono symbol file
Symbol file data-000001C377296140 doesn't match image C:\Users\jasmi\Documents\TSP\JIN\Projet\Rumble-in-Chains\Rumble In Chains\Library\ScriptAssemblies\UnityEngine.TestRunner.dll
Symbol file LoadedFromMemory is not a mono symbol file
Symbol file data-000001C377296140 doesn't match image C:\Users\jasmi\Documents\TSP\JIN\Projet\Rumble-in-Chains\Rumble In Chains\Library\ScriptAssemblies\Unity.Timeline.dll
Symbol file LoadedFromMemory is not a mono symbol file
Symbol file data-000001C37C27D020 doesn't match image C:\Users\jasmi\Documents\TSP\JIN\Projet\Rumble-in-Chains\Rumble In Chains\Library\ScriptAssemblies\Unity.TextMeshPro.dll
Symbol file LoadedFromMemory is not a mono symbol file
Symbol file data-000001C377296140 doesn't match image C:\Users\jasmi\Documents\TSP\JIN\Projet\Rumble-in-Chains\Rumble In Chains\Library\ScriptAssemblies\UnityEditor.TestRunner.dll
Symbol file LoadedFromMemory is not a mono symbol file
Symbol file data-000001C3771C6230 doesn't match image C:\Users\jasmi\Documents\TSP\JIN\Projet\Rumble-in-Chains\Rumble In Chains\Library\ScriptAssemblies\Unity.2D.IK.Editor.dll
Symbol file LoadedFromMemory is not a mono symbol file
Symbol file data-000001C377296140 doesn't match image C:\Users\jasmi\Documents\TSP\JIN\Projet\Rumble-in-Chains\Rumble In Chains\Library\ScriptAssemblies\Unity.2D.Sprite.Editor.dll
Symbol file LoadedFromMemory is not a mono symbol file
Symbol file data-000001C37C9DFA20 doesn't match image C:\Users\jasmi\Documents\TSP\JIN\Projet\Rumble-in-Chains\Rumble In Chains\Library\ScriptAssemblies\Unity.2D.Psdimporter.Editor.dll
Symbol file LoadedFromMemory is not a mono symbol file
Symbol file data-000001C37CBA9010 doesn't match image C:\Users\jasmi\Documents\TSP\JIN\Projet\Rumble-in-Chains\Rumble In Chains\Library\ScriptAssemblies\Unity.2D.Path.Editor.dll
Symbol file LoadedFromMemory is not a mono symbol file
Symbol file data-000001C3772D15F0 doesn't match image C:\Users\jasmi\Documents\TSP\JIN\Projet\Rumble-in-Chains\Rumble In Chains\Library\ScriptAssemblies\Unity.InternalAPIEditorBridge.001.dll
Symbol file LoadedFromMemory is not a mono symbol file
Symbol file data-000001C37C9DFA20 doesn't match image C:\Users\jasmi\Documents\TSP\JIN\Projet\Rumble-in-Chains\Rumble In Chains\Library\ScriptAssemblies\UnityEditor.UI.dll
Symbol file LoadedFromMemory is not a mono symbol file
Symbol file data-000001C37B893020 doesn't match image C:\Users\jasmi\Documents\TSP\JIN\Projet\Rumble-in-Chains\Rumble In Chains\Library\ScriptAssemblies\Unity.PlasticSCM.Editor.dll
Symbol file LoadedFromMemory is not a mono symbol file
Symbol file data-000001C37CBDA1A0 doesn't match image C:\Users\jasmi\Documents\TSP\JIN\Projet\Rumble-in-Chains\Rumble In Chains\Library\ScriptAssemblies\Unity.Rider.Editor.dll
Symbol file LoadedFromMemory is not a mono symbol file
Symbol file data-000001C37C1C1020 doesn't match image C:\Users\jasmi\Documents\TSP\JIN\Projet\Rumble-in-Chains\Rumble In Chains\Library\ScriptAssemblies\UnityEngine.UI.dll
Symbol file LoadedFromMemory is not a mono symbol file
Symbol file data-000001C37C164010 doesn't match image C:\Users\jasmi\Documents\TSP\JIN\Projet\Rumble-in-Chains\Rumble In Chains\Library\ScriptAssemblies\Unity.Mathematics.dll
Symbol file LoadedFromMemory is not a mono symbol file
Symbol file data-000001C377710850 doesn't match image C:\Users\jasmi\Documents\TSP\JIN\Projet\Rumble-in-Chains\Rumble In Chains\Library\ScriptAssemblies\Unity.2D.IK.Runtime.dll
Symbol file LoadedFromMemory is not a mono symbol file
Symbol file data-000001C37BAD1020 doesn't match image C:\Users\jasmi\Documents\TSP\JIN\Projet\Rumble-in-Chains\Rumble In Chains\Library\ScriptAssemblies\Unity.2D.Animation.Triangle.Runtime.dll
Symbol file LoadedFromMemory is not a mono symbol file
Symbol file data-000001C37C2BB240 doesn't match image C:\Users\jasmi\Documents\TSP\JIN\Projet\Rumble-in-Chains\Rumble In Chains\Library\ScriptAssemblies\Unity.2D.Animation.Runtime.dll
Symbol file LoadedFromMemory is not a mono symbol file
Symbol file data-000001C3771F2020 doesn't match image C:\Users\jasmi\Documents\TSP\JIN\Projet\Rumble-in-Chains\Rumble In Chains\Library\ScriptAssemblies\Unity.2D.PixelPerfect.Editor.dll
Symbol file LoadedFromMemory is not a mono symbol file
Symbol file data-000001C37BAD1020 doesn't match image C:\Users\jasmi\Documents\TSP\JIN\Projet\Rumble-in-Chains\Rumble In Chains\Library\ScriptAssemblies\Unity.Timeline.Editor.dll
Symbol file LoadedFromMemory is not a mono symbol file
Symbol file data-000001C37BEC2620 doesn't match image C:\Users\jasmi\Documents\TSP\JIN\Projet\Rumble-in-Chains\Rumble In Chains\Library\ScriptAssemblies\Unity.CollabProxy.Editor.dll
Symbol file LoadedFromMemory is not a mono symbol file
Symbol file data-000001C3775143D0 doesn't match image C:\Users\jasmi\Documents\TSP\JIN\Projet\Rumble-in-Chains\Rumble In Chains\Library\ScriptAssemblies\Unity.Mathematics.Editor.dll
Symbol file LoadedFromMemory is not a mono symbol file
Symbol file data-000001C37B7F4910 doesn't match image C:\Users\jasmi\Documents\TSP\JIN\Projet\Rumble-in-Chains\Rumble In Chains\Library\ScriptAssemblies\Unity.2D.Common.Runtime.dll
Symbol file LoadedFromMemory is not a mono symbol file
Symbol file data-000001C37D272040 doesn't match image C:\Users\jasmi\Documents\TSP\JIN\Projet\Rumble-in-Chains\Rumble In Chains\Library\ScriptAssemblies\Unity.2D.SpriteShape.Editor.dll
Symbol file LoadedFromMemory is not a mono symbol file
Symbol file data-000001C377710850 doesn't match image C:\Users\jasmi\Documents\TSP\JIN\Projet\Rumble-in-Chains\Rumble In Chains\Library\ScriptAssemblies\Unity.2D.Common.Editor.dll
Symbol file LoadedFromMemory is not a mono symbol file
Symbol file data-000001C37BEC2620 doesn't match image C:\Users\jasmi\Documents\TSP\JIN\Projet\Rumble-in-Chains\Rumble In Chains\Library\ScriptAssemblies\Unity.2D.SpriteShape.Runtime.dll
Symbol file LoadedFromMemory is not a mono symbol file
Native extension for WindowsStandalone target not found
Refreshing native plugins compatible for Editor in 49.26 ms, found 3 plugins.
Preloading 0 native plugins for Editor in 0.00 ms.
Mono: successfully reloaded assembly
- Completed reload, in  1.544 seconds
Domain Reload Profiling:
	ReloadAssembly (1545ms)
		BeginReloadAssembly (230ms)
			ExecutionOrderSort (0ms)
			DisableScriptedObjects (5ms)
			BackupInstance (0ms)
			ReleaseScriptingObjects (0ms)
			CreateAndSetChildDomain (22ms)
		EndReloadAssembly (1208ms)
			LoadAssemblies (196ms)
			RebuildTransferFunctionScriptingTraits (0ms)
			SetupTypeCache (414ms)
			ReleaseScriptCaches (0ms)
			RebuildScriptCaches (59ms)
			SetupLoadedEditorAssemblies (444ms)
				LogAssemblyErrors (0ms)
				InitializePlatformSupportModulesInManaged (4ms)
				SetLoadedEditorAssemblies (0ms)
				RefreshPlugins (49ms)
				BeforeProcessingInitializeOnLoad (103ms)
				ProcessInitializeOnLoadAttributes (270ms)
				ProcessInitializeOnLoadMethodAttributes (14ms)
				AfterProcessingInitializeOnLoad (3ms)
				EditorAssembliesLoaded (0ms)
			ExecutionOrderSort2 (0ms)
			AwakeInstancesAfterBackupRestoration (7ms)
Platform modules already initialized, skipping
========================================================================
Worker process is ready to serve import requests
Launched and connected shader compiler UnityShaderCompiler.exe after 0.28 seconds
Refreshing native plugins compatible for Editor in 0.50 ms, found 3 plugins.
Preloading 0 native plugins for Editor in 0.00 ms.
Unloading 2101 Unused Serialized files (Serialized files now loaded: 0)
System memory in use before: 93.3 MB.
System memory in use after: 93.4 MB.

Unloading 26 unused Assets to reduce memory usage. Loaded Objects now: 2541.
Total: 4.661500 ms (FindLiveObjects: 0.229200 ms CreateObjectMapping: 0.113300 ms MarkObjects: 4.176300 ms  DeleteObjects: 0.140900 ms)

AssetImportParameters requested are different than current active one (requested -> active):
  custom:framework-win-MediaFoundation: 216162199b28c13a410421893ffa2e32 -> 
  custom:video-decoder-ogg-theora: a1e56fd34408186e4bbccfd4996cb3dc -> 
  custom:container-muxer-webm: aa71ff27fc2769a1b78a27578f13a17b -> 
  custom:container-demuxer-webm: 4f35f7cbe854078d1ac9338744f61a02 -> 
  custom:container-demuxer-ogg: 62fdf1f143b41e24485cea50d1cbac27 -> 
  custom:video-encoder-webm-vp8: eb34c28f22e8b96e1ab97ce403110664 -> 
  custom:video-codec-MediaFoundation-h265: 746d11721c4dcdbdad8f713fa42b33f4 -> 
  custom:video-decoder-webm-vp8: 9c59270c3fd7afecdb556c50c9e8de78 -> 
  custom:audio-decoder-ogg-vorbis: bf7c407c2cedff20999df2af8eb42d56 -> 
  custom:audio-encoder-webm-vorbis: bf7c407c2cedff20999df2af8eb42d56 -> 
========================================================================
Received Import Request.
  path: Assets/Prefabs/Player.prefab
  artifactKey: Guid(360e08196e2cc1142982da7688613d12) Importer(815301076,1909f56bfc062723c751e8b465ee728b)
Start importing Assets/Prefabs/Player.prefab using Guid(360e08196e2cc1142982da7688613d12) Importer(815301076,1909f56bfc062723c751e8b465ee728b)  -> (artifact id: '757ce0c93d8058602fca3043071adb56') in 0.367553 seconds 
  Import took 0.376315 seconds .

========================================================================
Received Import Request.
  Time since last request: 0.000326 seconds.
  path: Assets/Prefabs/Rope/DistanceRope.prefab
  artifactKey: Guid(07cd27960debf5445a6a103be3332c36) Importer(815301076,1909f56bfc062723c751e8b465ee728b)
Start importing Assets/Prefabs/Rope/DistanceRope.prefab using Guid(07cd27960debf5445a6a103be3332c36) Importer(815301076,1909f56bfc062723c751e8b465ee728b)  -> (artifact id: '796ba322c820331d806631f13bd5eedd') in 0.043935 seconds 
  Import took 0.051502 seconds .

========================================================================
Received Prepare
Refreshing native plugins compatible for Editor in 14.73 ms, found 3 plugins.
Preloading 0 native plugins for Editor in 0.00 ms.
Unloading 13 Unused Serialized files (Serialized files now loaded: 0)
System memory in use before: 54.9 MB.
System memory in use after: 55.0 MB.

Unloading 12 unused Assets to reduce memory usage. Loaded Objects now: 2548.
Total: 18.903600 ms (FindLiveObjects: 0.247000 ms CreateObjectMapping: 0.119300 ms MarkObjects: 18.503100 ms  DeleteObjects: 0.027900 ms)

AssetImportParameters requested are different than current active one (requested -> active):
  custom:framework-win-MediaFoundation: 216162199b28c13a410421893ffa2e32 -> 
  custom:video-decoder-ogg-theora: a1e56fd34408186e4bbccfd4996cb3dc -> 
  custom:container-muxer-webm: aa71ff27fc2769a1b78a27578f13a17b -> 
  custom:container-demuxer-webm: 4f35f7cbe854078d1ac9338744f61a02 -> 
  custom:container-demuxer-ogg: 62fdf1f143b41e24485cea50d1cbac27 -> 
  custom:video-encoder-webm-vp8: eb34c28f22e8b96e1ab97ce403110664 -> 
  custom:video-codec-MediaFoundation-h265: 746d11721c4dcdbdad8f713fa42b33f4 -> 
  custom:video-decoder-webm-vp8: 9c59270c3fd7afecdb556c50c9e8de78 -> 
  custom:audio-decoder-ogg-vorbis: bf7c407c2cedff20999df2af8eb42d56 -> 
  custom:audio-encoder-webm-vorbis: bf7c407c2cedff20999df2af8eb42d56 -> 
========================================================================
Received Import Request.
  Time since last request: 300.062371 seconds.
  path: Assets/Scenes/JasminTest.unity
  artifactKey: Guid(553dd33018bc1d84d934d7ba9361329c) Importer(815301076,1909f56bfc062723c751e8b465ee728b)
Start importing Assets/Scenes/JasminTest.unity using Guid(553dd33018bc1d84d934d7ba9361329c) Importer(815301076,1909f56bfc062723c751e8b465ee728b)  -> (artifact id: 'b8a8a22eed17df60a7fc581ff58c5368') in 0.432776 seconds 
  Import took 0.531291 seconds .

========================================================================
Received Import Request.
  Time since last request: 3.379386 seconds.
  path: Assets/Scenes/RaphaelTest.unity
  artifactKey: Guid(e4932a6074f731e42a3f77ae714495d3) Importer(815301076,1909f56bfc062723c751e8b465ee728b)
Start importing Assets/Scenes/RaphaelTest.unity using Guid(e4932a6074f731e42a3f77ae714495d3) Importer(815301076,1909f56bfc062723c751e8b465ee728b)  -> (artifact id: 'fa1033a67878bc01d24d141d60b424c2') in 0.021645 seconds 
  Import took 0.028129 seconds .

========================================================================
Received Import Request.
  Time since last request: 1.468413 seconds.
  path: Assets/Scenes/CombatTest.unity
  artifactKey: Guid(810181787cec1f8459a619f1f70b857e) Importer(815301076,1909f56bfc062723c751e8b465ee728b)
Start importing Assets/Scenes/CombatTest.unity using Guid(810181787cec1f8459a619f1f70b857e) Importer(815301076,1909f56bfc062723c751e8b465ee728b)  -> (artifact id: 'b8d9e4b200552d8536656c31574e2a81') in 0.014278 seconds 
  Import took 0.019296 seconds .

========================================================================
Received Prepare
Registering precompiled user dll's ...
Registered in 0.016788 seconds.
Begin MonoManager ReloadAssembly
Symbol file data-000001C1E07FB050 doesn't match image C:\Users\jasmi\Documents\TSP\JIN\Projet\Rumble-in-Chains\Rumble In Chains\Library\ScriptAssemblies\Assembly-CSharp.dll
Symbol file LoadedFromMemory is not a mono symbol file
Symbol file data-000001C377278880 doesn't match image C:\Users\jasmi\Documents\TSP\JIN\Projet\Rumble-in-Chains\Rumble In Chains\Library\ScriptAssemblies\Unity.2D.Animation.Editor.dll
Symbol file LoadedFromMemory is not a mono symbol file
Symbol file data-000001C1E0CB7580 doesn't match image C:\Users\jasmi\Documents\TSP\JIN\Projet\Rumble-in-Chains\Rumble In Chains\Library\ScriptAssemblies\Unity.InternalAPIEngineBridge.001.dll
Symbol file LoadedFromMemory is not a mono symbol file
Symbol file data-000001C37D158860 doesn't match image C:\Users\jasmi\Documents\TSP\JIN\Projet\Rumble-in-Chains\Rumble In Chains\Library\ScriptAssemblies\Unity.VSCode.Editor.dll
Symbol file LoadedFromMemory is not a mono symbol file
Symbol file data-000001C37F89FED0 doesn't match image C:\Users\jasmi\Documents\TSP\JIN\Projet\Rumble-in-Chains\Rumble In Chains\Library\ScriptAssemblies\Unity.2D.PixelPerfect.dll
Symbol file LoadedFromMemory is not a mono symbol file
Symbol file data-000001C3771BB010 doesn't match image C:\Users\jasmi\Documents\TSP\JIN\Projet\Rumble-in-Chains\Rumble In Chains\Library\ScriptAssemblies\Unity.2D.Tilemap.Editor.dll
Symbol file LoadedFromMemory is not a mono symbol file
Symbol file data-000001C377800A10 doesn't match image C:\Users\jasmi\Documents\TSP\JIN\Projet\Rumble-in-Chains\Rumble In Chains\Library\ScriptAssemblies\PsdPlugin.dll
Symbol file LoadedFromMemory is not a mono symbol file
Symbol file data-000001C1E05F4060 doesn't match image C:\Users\jasmi\Documents\TSP\JIN\Projet\Rumble-in-Chains\Rumble In Chains\Library\ScriptAssemblies\Unity.TextMeshPro.Editor.dll
Symbol file LoadedFromMemory is not a mono symbol file
Symbol file data-000001C377248010 doesn't match image C:\Users\jasmi\Documents\TSP\JIN\Projet\Rumble-in-Chains\Rumble In Chains\Library\ScriptAssemblies\Unity.VisualStudio.Editor.dll
Symbol file LoadedFromMemory is not a mono symbol file
Symbol file data-000001C37750A3B0 doesn't match image C:\Users\jasmi\Documents\TSP\JIN\Projet\Rumble-in-Chains\Rumble In Chains\Library\ScriptAssemblies\UnityEngine.TestRunner.dll
Symbol file LoadedFromMemory is not a mono symbol file
Symbol file data-000001C3771BB010 doesn't match image C:\Users\jasmi\Documents\TSP\JIN\Projet\Rumble-in-Chains\Rumble In Chains\Library\ScriptAssemblies\Unity.Timeline.dll
Symbol file LoadedFromMemory is not a mono symbol file
Symbol file data-000001C3774D3FD0 doesn't match image C:\Users\jasmi\Documents\TSP\JIN\Projet\Rumble-in-Chains\Rumble In Chains\Library\ScriptAssemblies\Unity.TextMeshPro.dll
Symbol file LoadedFromMemory is not a mono symbol file
Symbol file data-000001C37D39E030 doesn't match image C:\Users\jasmi\Documents\TSP\JIN\Projet\Rumble-in-Chains\Rumble In Chains\Library\ScriptAssemblies\UnityEditor.TestRunner.dll
Symbol file LoadedFromMemory is not a mono symbol file
Symbol file data-000001C37D158860 doesn't match image C:\Users\jasmi\Documents\TSP\JIN\Projet\Rumble-in-Chains\Rumble In Chains\Library\ScriptAssemblies\Unity.2D.IK.Editor.dll
Symbol file LoadedFromMemory is not a mono symbol file
Symbol file data-000001C1E010B610 doesn't match image C:\Users\jasmi\Documents\TSP\JIN\Projet\Rumble-in-Chains\Rumble In Chains\Library\ScriptAssemblies\Unity.2D.Sprite.Editor.dll
Symbol file LoadedFromMemory is not a mono symbol file
Symbol file data-000001C3772C3970 doesn't match image C:\Users\jasmi\Documents\TSP\JIN\Projet\Rumble-in-Chains\Rumble In Chains\Library\ScriptAssemblies\Unity.2D.Psdimporter.Editor.dll
Symbol file LoadedFromMemory is not a mono symbol file
Symbol file data-000001C37C381010 doesn't match image C:\Users\jasmi\Documents\TSP\JIN\Projet\Rumble-in-Chains\Rumble In Chains\Library\ScriptAssemblies\Unity.2D.Path.Editor.dll
Symbol file LoadedFromMemory is not a mono symbol file
Symbol file data-000001C376AED900 doesn't match image C:\Users\jasmi\Documents\TSP\JIN\Projet\Rumble-in-Chains\Rumble In Chains\Library\ScriptAssemblies\Unity.InternalAPIEditorBridge.001.dll
Symbol file LoadedFromMemory is not a mono symbol file
Symbol file data-000001C3772C3970 doesn't match image C:\Users\jasmi\Documents\TSP\JIN\Projet\Rumble-in-Chains\Rumble In Chains\Library\ScriptAssemblies\UnityEditor.UI.dll
Symbol file LoadedFromMemory is not a mono symbol file
Symbol file data-000001C377278880 doesn't match image C:\Users\jasmi\Documents\TSP\JIN\Projet\Rumble-in-Chains\Rumble In Chains\Library\ScriptAssemblies\Unity.PlasticSCM.Editor.dll
Symbol file LoadedFromMemory is not a mono symbol file
Symbol file data-000001C37752B8C0 doesn't match image C:\Users\jasmi\Documents\TSP\JIN\Projet\Rumble-in-Chains\Rumble In Chains\Library\ScriptAssemblies\Unity.Rider.Editor.dll
Symbol file LoadedFromMemory is not a mono symbol file
Symbol file data-000001C37762D010 doesn't match image C:\Users\jasmi\Documents\TSP\JIN\Projet\Rumble-in-Chains\Rumble In Chains\Library\ScriptAssemblies\UnityEngine.UI.dll
Symbol file LoadedFromMemory is not a mono symbol file
Symbol file data-000001C37B9A1010 doesn't match image C:\Users\jasmi\Documents\TSP\JIN\Projet\Rumble-in-Chains\Rumble In Chains\Library\ScriptAssemblies\Unity.Mathematics.dll
Symbol file LoadedFromMemory is not a mono symbol file
Symbol file data-000001C37D158860 doesn't match image C:\Users\jasmi\Documents\TSP\JIN\Projet\Rumble-in-Chains\Rumble In Chains\Library\ScriptAssemblies\Unity.2D.IK.Runtime.dll
Symbol file LoadedFromMemory is not a mono symbol file
Symbol file data-000001C37762D010 doesn't match image C:\Users\jasmi\Documents\TSP\JIN\Projet\Rumble-in-Chains\Rumble In Chains\Library\ScriptAssemblies\Unity.2D.Animation.Triangle.Runtime.dll
Symbol file LoadedFromMemory is not a mono symbol file
Symbol file data-000001C37B7E7C20 doesn't match image C:\Users\jasmi\Documents\TSP\JIN\Projet\Rumble-in-Chains\Rumble In Chains\Library\ScriptAssemblies\Unity.2D.Animation.Runtime.dll
Symbol file LoadedFromMemory is not a mono symbol file
Symbol file data-000001C377A840B0 doesn't match image C:\Users\jasmi\Documents\TSP\JIN\Projet\Rumble-in-Chains\Rumble In Chains\Library\ScriptAssemblies\Unity.2D.PixelPerfect.Editor.dll
Symbol file LoadedFromMemory is not a mono symbol file
Symbol file data-000001C37BAD1020 doesn't match image C:\Users\jasmi\Documents\TSP\JIN\Projet\Rumble-in-Chains\Rumble In Chains\Library\ScriptAssemblies\Unity.Timeline.Editor.dll
Symbol file LoadedFromMemory is not a mono symbol file
Symbol file data-000001C3771BB010 doesn't match image C:\Users\jasmi\Documents\TSP\JIN\Projet\Rumble-in-Chains\Rumble In Chains\Library\ScriptAssemblies\Unity.CollabProxy.Editor.dll
Symbol file LoadedFromMemory is not a mono symbol file
Symbol file data-000001C37C3E8160 doesn't match image C:\Users\jasmi\Documents\TSP\JIN\Projet\Rumble-in-Chains\Rumble In Chains\Library\ScriptAssemblies\Unity.Mathematics.Editor.dll
Symbol file LoadedFromMemory is not a mono symbol file
Symbol file data-000001C37B7F4550 doesn't match image C:\Users\jasmi\Documents\TSP\JIN\Projet\Rumble-in-Chains\Rumble In Chains\Library\ScriptAssemblies\Unity.2D.Common.Runtime.dll
Symbol file LoadedFromMemory is not a mono symbol file
Symbol file data-000001C37C0D6E20 doesn't match image C:\Users\jasmi\Documents\TSP\JIN\Projet\Rumble-in-Chains\Rumble In Chains\Library\ScriptAssemblies\Unity.2D.SpriteShape.Editor.dll
Symbol file LoadedFromMemory is not a mono symbol file
Symbol file data-000001C37C3E5540 doesn't match image C:\Users\jasmi\Documents\TSP\JIN\Projet\Rumble-in-Chains\Rumble In Chains\Library\ScriptAssemblies\Unity.2D.Common.Editor.dll
Symbol file LoadedFromMemory is not a mono symbol file
Symbol file data-000001C3771BB010 doesn't match image C:\Users\jasmi\Documents\TSP\JIN\Projet\Rumble-in-Chains\Rumble In Chains\Library\ScriptAssemblies\Unity.2D.SpriteShape.Runtime.dll
Symbol file LoadedFromMemory is not a mono symbol file
Native extension for WindowsStandalone target not found
Refreshing native plugins compatible for Editor in 0.78 ms, found 3 plugins.
Preloading 0 native plugins for Editor in 0.00 ms.
Mono: successfully reloaded assembly
- Completed reload, in  2.126 seconds
Domain Reload Profiling:
	ReloadAssembly (2130ms)
		BeginReloadAssembly (561ms)
			ExecutionOrderSort (0ms)
			DisableScriptedObjects (40ms)
			BackupInstance (0ms)
			ReleaseScriptingObjects (0ms)
			CreateAndSetChildDomain (323ms)
		EndReloadAssembly (1477ms)
			LoadAssemblies (316ms)
			RebuildTransferFunctionScriptingTraits (0ms)
			SetupTypeCache (478ms)
			ReleaseScriptCaches (2ms)
			RebuildScriptCaches (66ms)
			SetupLoadedEditorAssemblies (486ms)
				LogAssemblyErrors (0ms)
				InitializePlatformSupportModulesInManaged (8ms)
				SetLoadedEditorAssemblies (1ms)
				RefreshPlugins (1ms)
				BeforeProcessingInitializeOnLoad (123ms)
				ProcessInitializeOnLoadAttributes (342ms)
				ProcessInitializeOnLoadMethodAttributes (8ms)
				AfterProcessingInitializeOnLoad (3ms)
				EditorAssembliesLoaded (0ms)
			ExecutionOrderSort2 (0ms)
			AwakeInstancesAfterBackupRestoration (16ms)
Platform modules already initialized, skipping
Refreshing native plugins compatible for Editor in 0.59 ms, found 3 plugins.
Preloading 0 native plugins for Editor in 0.00 ms.
Unloading 2092 Unused Serialized files (Serialized files now loaded: 0)
System memory in use before: 95.9 MB.
System memory in use after: 96.0 MB.

Unloading 15 unused Assets to reduce memory usage. Loaded Objects now: 2550.
Total: 4.592200 ms (FindLiveObjects: 0.251800 ms CreateObjectMapping: 0.109700 ms MarkObjects: 4.204000 ms  DeleteObjects: 0.025400 ms)

AssetImportParameters requested are different than current active one (requested -> active):
  custom:framework-win-MediaFoundation: 216162199b28c13a410421893ffa2e32 -> 
  custom:video-decoder-ogg-theora: a1e56fd34408186e4bbccfd4996cb3dc -> 
  custom:container-muxer-webm: aa71ff27fc2769a1b78a27578f13a17b -> 
  custom:container-demuxer-webm: 4f35f7cbe854078d1ac9338744f61a02 -> 
  custom:container-demuxer-ogg: 62fdf1f143b41e24485cea50d1cbac27 -> 
  custom:video-encoder-webm-vp8: eb34c28f22e8b96e1ab97ce403110664 -> 
  custom:video-codec-MediaFoundation-h265: 746d11721c4dcdbdad8f713fa42b33f4 -> 
  custom:video-decoder-webm-vp8: 9c59270c3fd7afecdb556c50c9e8de78 -> 
  custom:audio-decoder-ogg-vorbis: bf7c407c2cedff20999df2af8eb42d56 -> 
  custom:audio-encoder-webm-vorbis: bf7c407c2cedff20999df2af8eb42d56 -> 
========================================================================
Received Import Request.
  Time since last request: 628.073922 seconds.
  path: Assets/Scripts/Platformer/InputManager.cs
  artifactKey: Guid(b4bf658699893e445b5908b86e1083c6) Importer(815301076,1909f56bfc062723c751e8b465ee728b)
Start importing Assets/Scripts/Platformer/InputManager.cs using Guid(b4bf658699893e445b5908b86e1083c6) Importer(815301076,1909f56bfc062723c751e8b465ee728b)  -> (artifact id: '28b373815834a3bdacdc75d0c04b6fe4') in 0.329540 seconds 
  Import took 0.408361 seconds .

AssetImportWorkerClient::OnTransportError - code=2 error=End of file
